<?xml version="1.0" encoding="UTF-8"?>
<testsuite xmlns:xsi="http://www.w3.org/2001/XMLSchema-instance" xsi:noNamespaceSchemaLocation="https://maven.apache.org/surefire/maven-surefire-plugin/xsd/surefire-test-report.xsd" name="cn.springmvc.test.AppTest" time="3.148" tests="2" errors="0" skipped="0" failures="1">
  <properties>
[...]
</properties>
  <testcase name="test on test(cn.springmvc.test.AppTest)" classname="cn.springmvc.test.AppTest" time="0.008"/>
  <testcase name="test2 on test2(cn.springmvc.test.AppTest)" classname="cn.springmvc.test.AppTest" time="0.119">
    <failure message="&#10;### Error querying database.  Cause: com.mysql.jdbc.exceptions.jdbc4.MySQLSyntaxErrorException: Table &apos;ghtorrent.Languages&apos; doesn&apos;t exist&#10;### The error may exist in file [/root/github/target/classes/mapper/LanguageMapper.xml]&#10;### The error may involve defaultParameterMap&#10;### The error occurred while setting parameters&#10;### SQL: SELECT * FROM Languages;&#10;### Cause: com.mysql.jdbc.exceptions.jdbc4.MySQLSyntaxErrorException: Table &apos;ghtorrent.Languages&apos; doesn&apos;t exist&#10;; bad SQL grammar []; nested exception is com.mysql.jdbc.exceptions.jdbc4.MySQLSyntaxErrorException: Table &apos;ghtorrent.Languages&apos; doesn&apos;t exist" type="org.springframework.jdbc.BadSqlGrammarException">org.springframework.jdbc.BadSqlGrammarException: 

### Error querying database.  Cause: com.mysql.jdbc.exceptions.jdbc4.MySQLSyntaxErrorException: Table 'ghtorrent.Languages' doesn't exist
### The error may exist in file [/root/github/target/classes/mapper/LanguageMapper.xml]
### The error may involve defaultParameterMap
### The error occurred while setting parameters
### SQL: SELECT * FROM Languages;
### Cause: com.mysql.jdbc.exceptions.jdbc4.MySQLSyntaxErrorException: Table 'ghtorrent.Languages' doesn't exist
; bad SQL grammar []; nested exception is com.mysql.jdbc.exceptions.jdbc4.MySQLSyntaxErrorException: Table 'ghtorrent.Languages' doesn't exist
	at cn.springmvc.test.AppTest.test2(AppTest.java:39)
Caused by: com.mysql.jdbc.exceptions.jdbc4.MySQLSyntaxErrorException: Table 'ghtorrent.Languages' doesn't exist
	at cn.springmvc.test.AppTest.test2(AppTest.java:39)
</failure>
  </testcase>
</testsuite>